# JRE version: OpenJDK Runtime Environment Temurin-17.0.9+9 (17.0.9+9) (build 17.0.9+9)
# Java VM: OpenJDK 64-Bit Server VM Temurin-17.0.9+9 (17.0.9+9, mixed mode, tiered, compressed oops, compressed class ptrs, parallel gc, windows-amd64)
GC Precious Log:
 CPUs: 4 total, 4 available
 Memory: 3965M
 Large Page Support: Disabled
 NUMA Support: Disabled
 Compressed Oops: Enabled (32-bit)
 Alignments: Space 512K, Generation 512K, Heap 2M
 Heap Min Capacity: 100M
 Heap Initial Capacity: 100M
 Heap Max Capacity: 1G
 Pre-touch: Disabled
 Parallel Workers: 4
Heap:
 PSYoungGen      total 16384K, used 6678K [0x00000000eab00000, 0x00000000ebc80000, 0x0000000100000000)
  eden space 15360K, 37% used [0x00000000eab00000,0x00000000eb0a1e60,0x00000000eba00000)
  from space 1024K, 88% used [0x00000000ebb00000,0x00000000ebbe3a60,0x00000000ebc00000)
  to   space 512K, 0% used [0x00000000ebc00000,0x00000000ebc00000,0x00000000ebc80000)
 ParOldGen       total 68608K, used 40666K [0x00000000c0000000, 0x00000000c4300000, 0x00000000eab00000)
  object space 68608K, 59% used [0x00000000c0000000,0x00000000c27b68c0,0x00000000c4300000)
 Metaspace       used 67058K, committed 68224K, reserved 1114112K
  class space    used 7078K, committed 7552K, reserved 1048576K
GC Heap History (20 events):
Event: 42.097 GC heap before
{Heap before GC invocations=43 (full 3):
 PSYoungGen      total 16384K, used 336K [0x00000000eab00000, 0x00000000ebd00000, 0x0000000100000000)
  eden space 15872K, 0% used [0x00000000eab00000,0x00000000eab00000,0x00000000eba80000)
  from space 512K, 65% used [0x00000000ebc80000,0x00000000ebcd4188,0x00000000ebd00000)
  to   space 1024K, 0% used [0x00000000ebb00000,0x00000000ebb00000,0x00000000ebc00000)
 ParOldGen       total 68608K, used 44819K [0x00000000c0000000, 0x00000000c4300000, 0x00000000eab00000)
  object space 68608K, 65% used [0x00000000c0000000,0x00000000c2bc4ea0,0x00000000c4300000)
 Metaspace       used 59340K, committed 60288K, reserved 1114112K
  class space    used 6302K, committed 6720K, reserved 1048576K
}
Event: 42.228 GC heap after
{Heap after GC invocations=43 (full 3):
 PSYoungGen      total 16384K, used 0K [0x00000000eab00000, 0x00000000ebd00000, 0x0000000100000000)
  eden space 15872K, 0% used [0x00000000eab00000,0x00000000eab00000,0x00000000eba80000)
  from space 512K, 0% used [0x00000000ebc80000,0x00000000ebc80000,0x00000000ebd00000)
  to   space 1024K, 0% used [0x00000000ebb00000,0x00000000ebb00000,0x00000000ebc00000)
 ParOldGen       total 68608K, used 32104K [0x00000000c0000000, 0x00000000c4300000, 0x00000000eab00000)
  object space 68608K, 46% used [0x00000000c0000000,0x00000000c1f5a380,0x00000000c4300000)
 Metaspace       used 59340K, committed 60288K, reserved 1114112K
  class space    used 6302K, committed 6720K, reserved 1048576K
}
Event: 42.466 GC heap before
{Heap before GC invocations=44 (full 3):
 PSYoungGen      total 16384K, used 15872K [0x00000000eab00000, 0x00000000ebd00000, 0x0000000100000000)
  eden space 15872K, 100% used [0x00000000eab00000,0x00000000eba80000,0x00000000eba80000)
  from space 512K, 0% used [0x00000000ebc80000,0x00000000ebc80000,0x00000000ebd00000)
  to   space 1024K, 0% used [0x00000000ebb00000,0x00000000ebb00000,0x00000000ebc00000)
 ParOldGen       total 68608K, used 32104K [0x00000000c0000000, 0x00000000c4300000, 0x00000000eab00000)
  object space 68608K, 46% used [0x00000000c0000000,0x00000000c1f5a380,0x00000000c4300000)
 Metaspace       used 59924K, committed 60800K, reserved 1114112K
  class space    used 6359K, committed 6720K, reserved 1048576K
}
Event: 42.468 GC heap after
{Heap after GC invocations=44 (full 3):
 PSYoungGen      total 16896K, used 672K [0x00000000eab00000, 0x00000000ebd00000, 0x0000000100000000)
  eden space 15872K, 0% used [0x00000000eab00000,0x00000000eab00000,0x00000000eba80000)
  from space 1024K, 65% used [0x00000000ebb00000,0x00000000ebba8000,0x00000000ebc00000)
  to   space 1024K, 0% used [0x00000000ebc00000,0x00000000ebc00000,0x00000000ebd00000)
 ParOldGen       total 68608K, used 32112K [0x00000000c0000000, 0x00000000c4300000, 0x00000000eab00000)
  object space 68608K, 46% used [0x00000000c0000000,0x00000000c1f5c380,0x00000000c4300000)
 Metaspace       used 59924K, committed 60800K, reserved 1114112K
  class space    used 6359K, committed 6720K, reserved 1048576K
}
Event: 42.551 GC heap before
{Heap before GC invocations=45 (full 3):
 PSYoungGen      total 16896K, used 16544K [0x00000000eab00000, 0x00000000ebd00000, 0x0000000100000000)
  eden space 15872K, 100% used [0x00000000eab00000,0x00000000eba80000,0x00000000eba80000)
  from space 1024K, 65% used [0x00000000ebb00000,0x00000000ebba8000,0x00000000ebc00000)
  to   space 1024K, 0% used [0x00000000ebc00000,0x00000000ebc00000,0x00000000ebd00000)
 ParOldGen       total 68608K, used 32112K [0x00000000c0000000, 0x00000000c4300000, 0x00000000eab00000)
  object space 68608K, 46% used [0x00000000c0000000,0x00000000c1f5c380,0x00000000c4300000)
 Metaspace       used 59940K, committed 60800K, reserved 1114112K
  class space    used 6360K, committed 6720K, reserved 1048576K
}
Event: 42.552 GC heap after
{Heap after GC invocations=45 (full 3):
 PSYoungGen      total 16384K, used 512K [0x00000000eab00000, 0x00000000ebc80000, 0x0000000100000000)
  eden space 15872K, 0% used [0x00000000eab00000,0x00000000eab00000,0x00000000eba80000)
  from space 512K, 100% used [0x00000000ebc00000,0x00000000ebc80000,0x00000000ebc80000)
  to   space 1024K, 0% used [0x00000000eba80000,0x00000000eba80000,0x00000000ebb80000)
 ParOldGen       total 68608K, used 32502K [0x00000000c0000000, 0x00000000c4300000, 0x00000000eab00000)
  object space 68608K, 47% used [0x00000000c0000000,0x00000000c1fbda10,0x00000000c4300000)
 Metaspace       used 59940K, committed 60800K, reserved 1114112K
  class space    used 6360K, committed 6720K, reserved 1048576K
}
Event: 42.599 GC heap before
{Heap before GC invocations=46 (full 3):
 PSYoungGen      total 16384K, used 16384K [0x00000000eab00000, 0x00000000ebc80000, 0x0000000100000000)
  eden space 15872K, 100% used [0x00000000eab00000,0x00000000eba80000,0x00000000eba80000)
  from space 512K, 100% used [0x00000000ebc00000,0x00000000ebc80000,0x00000000ebc80000)
  to   space 1024K, 0% used [0x00000000eba80000,0x00000000eba80000,0x00000000ebb80000)
 ParOldGen       total 68608K, used 32502K [0x00000000c0000000, 0x00000000c4300000, 0x00000000eab00000)
  object space 68608K, 47% used [0x00000000c0000000,0x00000000c1fbda10,0x00000000c4300000)
 Metaspace       used 59948K, committed 60800K, reserved 1114112K
  class space    used 6362K, committed 6720K, reserved 1048576K
}
Event: 42.602 GC heap after
{Heap after GC invocations=46 (full 3):
 PSYoungGen      total 16896K, used 1015K [0x00000000eab00000, 0x00000000ebe80000, 0x0000000100000000)
  eden space 15872K, 0% used [0x00000000eab00000,0x00000000eab00000,0x00000000eba80000)
  from space 1024K, 99% used [0x00000000eba80000,0x00000000ebb7dc40,0x00000000ebb80000)
  to   space 2048K, 0% used [0x00000000ebc80000,0x00000000ebc80000,0x00000000ebe80000)
 ParOldGen       total 68608K, used 33160K [0x00000000c0000000, 0x00000000c4300000, 0x00000000eab00000)
  object space 68608K, 48% used [0x00000000c0000000,0x00000000c2062310,0x00000000c4300000)
 Metaspace       used 59948K, committed 60800K, reserved 1114112K
  class space    used 6362K, committed 6720K, reserved 1048576K
}
Event: 43.165 GC heap before
{Heap before GC invocations=47 (full 3):
 PSYoungGen      total 16896K, used 16887K [0x00000000eab00000, 0x00000000ebe80000, 0x0000000100000000)
  eden space 15872K, 100% used [0x00000000eab00000,0x00000000eba80000,0x00000000eba80000)
  from space 1024K, 99% used [0x00000000eba80000,0x00000000ebb7dc40,0x00000000ebb80000)
  to   space 2048K, 0% used [0x00000000ebc80000,0x00000000ebc80000,0x00000000ebe80000)
 ParOldGen       total 68608K, used 33160K [0x00000000c0000000, 0x00000000c4300000, 0x00000000eab00000)
  object space 68608K, 48% used [0x00000000c0000000,0x00000000c2062310,0x00000000c4300000)
 Metaspace       used 62350K, committed 63360K, reserved 1114112K
  class space    used 6622K, committed 7040K, reserved 1048576K
}
Event: 43.169 GC heap after
{Heap after GC invocations=47 (full 3):
 PSYoungGen      total 17408K, used 1154K [0x00000000eab00000, 0x00000000ebe00000, 0x0000000100000000)
  eden space 15872K, 0% used [0x00000000eab00000,0x00000000eab00000,0x00000000eba80000)
  from space 1536K, 75% used [0x00000000ebc80000,0x00000000ebda0988,0x00000000ebe00000)
  to   space 1536K, 0% used [0x00000000ebb00000,0x00000000ebb00000,0x00000000ebc80000)
 ParOldGen       total 68608K, used 34048K [0x00000000c0000000, 0x00000000c4300000, 0x00000000eab00000)
  object space 68608K, 49% used [0x00000000c0000000,0x00000000c2140310,0x00000000c4300000)
 Metaspace       used 62350K, committed 63360K, reserved 1114112K
  class space    used 6622K, committed 7040K, reserved 1048576K
}
Event: 43.312 GC heap before
{Heap before GC invocations=48 (full 3):
 PSYoungGen      total 17408K, used 17026K [0x00000000eab00000, 0x00000000ebe00000, 0x0000000100000000)
  eden space 15872K, 100% used [0x00000000eab00000,0x00000000eba80000,0x00000000eba80000)
  from space 1536K, 75% used [0x00000000ebc80000,0x00000000ebda0988,0x00000000ebe00000)
  to   space 1536K, 0% used [0x00000000ebb00000,0x00000000ebb00000,0x00000000ebc80000)
 ParOldGen       total 68608K, used 34048K [0x00000000c0000000, 0x00000000c4300000, 0x00000000eab00000)
  object space 68608K, 49% used [0x00000000c0000000,0x00000000c2140310,0x00000000c4300000)
 Metaspace       used 62792K, committed 63808K, reserved 1114112K
  class space    used 6664K, committed 7104K, reserved 1048576K
}
Event: 43.316 GC heap after
{Heap after GC invocations=48 (full 3):
 PSYoungGen      total 17408K, used 1106K [0x00000000eab00000, 0x00000000ebd80000, 0x0000000100000000)
  eden space 15872K, 0% used [0x00000000eab00000,0x00000000eab00000,0x00000000eba80000)
  from space 1536K, 72% used [0x00000000ebb00000,0x00000000ebc14a48,0x00000000ebc80000)
  to   space 1024K, 0% used [0x00000000ebc80000,0x00000000ebc80000,0x00000000ebd80000)
 ParOldGen       total 68608K, used 35133K [0x00000000c0000000, 0x00000000c4300000, 0x00000000eab00000)
  object space 68608K, 51% used [0x00000000c0000000,0x00000000c224f5e8,0x00000000c4300000)
 Metaspace       used 62792K, committed 63808K, reserved 1114112K
  class space    used 6664K, committed 7104K, reserved 1048576K
}
Event: 43.447 GC heap before
{Heap before GC invocations=49 (full 3):
 PSYoungGen      total 17408K, used 16978K [0x00000000eab00000, 0x00000000ebd80000, 0x0000000100000000)
  eden space 15872K, 100% used [0x00000000eab00000,0x00000000eba80000,0x00000000eba80000)
  from space 1536K, 72% used [0x00000000ebb00000,0x00000000ebc14a48,0x00000000ebc80000)
  to   space 1024K, 0% used [0x00000000ebc80000,0x00000000ebc80000,0x00000000ebd80000)
 ParOldGen       total 68608K, used 35133K [0x00000000c0000000, 0x00000000c4300000, 0x00000000eab00000)
  object space 68608K, 51% used [0x00000000c0000000,0x00000000c224f5e8,0x00000000c4300000)
 Metaspace       used 63488K, committed 64576K, reserved 1114112K
  class space    used 6720K, committed 7168K, reserved 1048576K
}
Event: 43.453 GC heap after
{Heap after GC invocations=49 (full 3):
 PSYoungGen      total 16384K, used 1024K [0x00000000eab00000, 0x00000000ebf80000, 0x0000000100000000)
  eden space 15360K, 0% used [0x00000000eab00000,0x00000000eab00000,0x00000000eba00000)
  from space 1024K, 100% used [0x00000000ebc80000,0x00000000ebd80000,0x00000000ebd80000)
  to   space 2560K, 0% used [0x00000000eba00000,0x00000000eba00000,0x00000000ebc80000)
 ParOldGen       total 68608K, used 36429K [0x00000000c0000000, 0x00000000c4300000, 0x00000000eab00000)
  object space 68608K, 53% used [0x00000000c0000000,0x00000000c2393618,0x00000000c4300000)
 Metaspace       used 63488K, committed 64576K, reserved 1114112K
  class space    used 6720K, committed 7168K, reserved 1048576K
}
Event: 43.731 GC heap before
{Heap before GC invocations=50 (full 3):
 PSYoungGen      total 16384K, used 16384K [0x00000000eab00000, 0x00000000ebf80000, 0x0000000100000000)
  eden space 15360K, 100% used [0x00000000eab00000,0x00000000eba00000,0x00000000eba00000)
  from space 1024K, 100% used [0x00000000ebc80000,0x00000000ebd80000,0x00000000ebd80000)
  to   space 2560K, 0% used [0x00000000eba00000,0x00000000eba00000,0x00000000ebc80000)
 ParOldGen       total 68608K, used 36429K [0x00000000c0000000, 0x00000000c4300000, 0x00000000eab00000)
  object space 68608K, 53% used [0x00000000c0000000,0x00000000c2393618,0x00000000c4300000)
 Metaspace       used 64148K, committed 65216K, reserved 1114112K
  class space    used 6780K, committed 7232K, reserved 1048576K
}
Event: 43.735 GC heap after
{Heap after GC invocations=50 (full 3):
 PSYoungGen      total 16896K, used 1259K [0x00000000eab00000, 0x00000000ebe00000, 0x0000000100000000)
  eden space 15360K, 0% used [0x00000000eab00000,0x00000000eab00000,0x00000000eba00000)
  from space 1536K, 82% used [0x00000000eba00000,0x00000000ebb3afc0,0x00000000ebb80000)
  to   space 2048K, 0% used [0x00000000ebc00000,0x00000000ebc00000,0x00000000ebe00000)
 ParOldGen       total 68608K, used 38955K [0x00000000c0000000, 0x00000000c4300000, 0x00000000eab00000)
  object space 68608K, 56% used [0x00000000c0000000,0x00000000c260acc8,0x00000000c4300000)
 Metaspace       used 64148K, committed 65216K, reserved 1114112K
  class space    used 6780K, committed 7232K, reserved 1048576K
}
Event: 44.175 GC heap before
{Heap before GC invocations=51 (full 3):
 PSYoungGen      total 16896K, used 16619K [0x00000000eab00000, 0x00000000ebe00000, 0x0000000100000000)
  eden space 15360K, 100% used [0x00000000eab00000,0x00000000eba00000,0x00000000eba00000)
  from space 1536K, 82% used [0x00000000eba00000,0x00000000ebb3afc0,0x00000000ebb80000)
  to   space 2048K, 0% used [0x00000000ebc00000,0x00000000ebc00000,0x00000000ebe00000)
 ParOldGen       total 68608K, used 38955K [0x00000000c0000000, 0x00000000c4300000, 0x00000000eab00000)
  object space 68608K, 56% used [0x00000000c0000000,0x00000000c260acc8,0x00000000c4300000)
 Metaspace       used 64965K, committed 66112K, reserved 1114112K
  class space    used 6866K, committed 7360K, reserved 1048576K
}
Event: 44.178 GC heap after
{Heap after GC invocations=51 (full 3):
 PSYoungGen      total 16384K, used 665K [0x00000000eab00000, 0x00000000ebd00000, 0x0000000100000000)
  eden space 15360K, 0% used [0x00000000eab00000,0x00000000eab00000,0x00000000eba00000)
  from space 1024K, 64% used [0x00000000ebc00000,0x00000000ebca6638,0x00000000ebd00000)
  to   space 1024K, 0% used [0x00000000ebb00000,0x00000000ebb00000,0x00000000ebc00000)
 ParOldGen       total 68608K, used 40076K [0x00000000c0000000, 0x00000000c4300000, 0x00000000eab00000)
  object space 68608K, 58% used [0x00000000c0000000,0x00000000c2723138,0x00000000c4300000)
 Metaspace       used 64965K, committed 66112K, reserved 1114112K
  class space    used 6866K, committed 7360K, reserved 1048576K
}
Event: 45.086 GC heap before
{Heap before GC invocations=52 (full 3):
 PSYoungGen      total 16384K, used 15984K [0x00000000eab00000, 0x00000000ebd00000, 0x0000000100000000)
  eden space 15360K, 99% used [0x00000000eab00000,0x00000000eb9f5d88,0x00000000eba00000)
  from space 1024K, 64% used [0x00000000ebc00000,0x00000000ebca6638,0x00000000ebd00000)
  to   space 1024K, 0% used [0x00000000ebb00000,0x00000000ebb00000,0x00000000ebc00000)
 ParOldGen       total 68608K, used 40076K [0x00000000c0000000, 0x00000000c4300000, 0x00000000eab00000)
  object space 68608K, 58% used [0x00000000c0000000,0x00000000c2723138,0x00000000c4300000)
 Metaspace       used 66587K, committed 67648K, reserved 1114112K
  class space    used 7038K, committed 7488K, reserved 1048576K
}
Event: 45.088 GC heap after
{Heap after GC invocations=52 (full 3):
 PSYoungGen      total 16384K, used 910K [0x00000000eab00000, 0x00000000ebc80000, 0x0000000100000000)
  eden space 15360K, 0% used [0x00000000eab00000,0x00000000eab00000,0x00000000eba00000)
  from space 1024K, 88% used [0x00000000ebb00000,0x00000000ebbe3a60,0x00000000ebc00000)
  to   space 512K, 0% used [0x00000000ebc00000,0x00000000ebc00000,0x00000000ebc80000)
 ParOldGen       total 68608K, used 40666K [0x00000000c0000000, 0x00000000c4300000, 0x00000000eab00000)
  object space 68608K, 59% used [0x00000000c0000000,0x00000000c27b68c0,0x00000000c4300000)
 Metaspace       used 66587K, committed 67648K, reserved 1114112K
  class space    used 7038K, committed 7488K, reserved 1048576K
}

